This is pdfTeX, Version 3.1415926-2.5-1.40.14 (MiKTeX 2.9) (preloaded format=pdflatex 2014.4.22)  1 JUN 2014 23:43
entering extended mode
**report.tex
("C:\Users\Derek R. Racine\Documents\GitHub\89_proj_report\report.tex"
LaTeX2e <2011/06/27>
Babel <v3.8m> and hyphenation patterns for english, afrikaans, ancientgreek, ar
abic, armenian, assamese, basque, bengali, bokmal, bulgarian, catalan, coptic, 
croatian, czech, danish, dutch, esperanto, estonian, farsi, finnish, french, ga
lician, german, german-x-2013-05-26, greek, gujarati, hindi, hungarian, iceland
ic, indonesian, interlingua, irish, italian, kannada, kurmanji, latin, latvian,
 lithuanian, malayalam, marathi, mongolian, mongolianlmc, monogreek, ngerman, n
german-x-2013-05-26, nynorsk, oriya, panjabi, pinyin, polish, portuguese, roman
ian, russian, sanskrit, serbian, slovak, slovenian, spanish, swedish, swissgerm
an, tamil, telugu, turkish, turkmen, ukenglish, ukrainian, uppersorbian, usengl
ishmax, welsh, loaded.
("C:\Program Files (x86)\MiKTeX 2.9\tex\latex\base\article.cls"
Document Class: article 2007/10/19 v1.4h Standard LaTeX document class
("C:\Program Files (x86)\MiKTeX 2.9\tex\latex\base\size10.clo"
File: size10.clo 2007/10/19 v1.4h Standard LaTeX file (size option)
)
\c@part=\count79
\c@section=\count80
\c@subsection=\count81
\c@subsubsection=\count82
\c@paragraph=\count83
\c@subparagraph=\count84
\c@figure=\count85
\c@table=\count86
\abovecaptionskip=\skip41
\belowcaptionskip=\skip42
\bibindent=\dimen102
)
("C:\Program Files (x86)\MiKTeX 2.9\tex\latex\caption\subcaption.sty"
Package: subcaption 2013/02/03 v1.1-62 Sub-captions (AR)

("C:\Program Files (x86)\MiKTeX 2.9\tex\latex\caption\caption.sty"
Package: caption 2013/05/02 v3.3-89 Customizing captions (AR)

("C:\Program Files (x86)\MiKTeX 2.9\tex\latex\caption\caption3.sty"
Package: caption3 2013/05/02 v1.6-88 caption3 kernel (AR)
Package caption3 Info: TeX engine: e-TeX on input line 57.

("C:\Program Files (x86)\MiKTeX 2.9\tex\latex\graphics\keyval.sty"
Package: keyval 1999/03/16 v1.13 key=value parser (DPC)
\KV@toks@=\toks14
)
\captionmargin=\dimen103
\captionmargin@=\dimen104
\captionwidth=\dimen105
\caption@tempdima=\dimen106
\caption@indent=\dimen107
\caption@parindent=\dimen108
\caption@hangindent=\dimen109
)
\c@ContinuedFloat=\count87
)
\c@subfigure=\count88
\c@subtable=\count89
)
("C:\Program Files (x86)\MiKTeX 2.9\tex\latex\adjustbox\adjustbox.sty"
Package: adjustbox 2012/05/21 v1.0 Adjusting TeX boxes (trim, clip, ...)

("C:\Program Files (x86)\MiKTeX 2.9\tex\latex\xkeyval\xkeyval.sty"
Package: xkeyval 2012/10/14 v2.6b package option processing (HA)

("C:\Program Files (x86)\MiKTeX 2.9\tex\generic\xkeyval\xkeyval.tex"
\XKV@toks=\toks15
\XKV@tempa@toks=\toks16
\XKV@depth=\count90
File: xkeyval.tex 2012/10/14 v2.6b key=value parser (HA)
))
("C:\Program Files (x86)\MiKTeX 2.9\tex\latex\adjustbox\adjcalc.sty"
Package: adjcalc 2012/05/16 v1.1 Provides advanced setlength with multiple back
-ends (calc, etex, pgfmath)
)
("C:\Program Files (x86)\MiKTeX 2.9\tex\latex\adjustbox\trimclip.sty"
Package: trimclip 2012/05/16 v1.0 Trim and clip general TeX material

("C:\Program Files (x86)\MiKTeX 2.9\tex\latex\graphics\graphicx.sty"
Package: graphicx 1999/02/16 v1.0f Enhanced LaTeX Graphics (DPC,SPQR)

("C:\Program Files (x86)\MiKTeX 2.9\tex\latex\graphics\graphics.sty"
Package: graphics 2009/02/05 v1.0o Standard LaTeX Graphics (DPC,SPQR)

("C:\Program Files (x86)\MiKTeX 2.9\tex\latex\graphics\trig.sty"
Package: trig 1999/03/16 v1.09 sin cos tan (DPC)
)
("C:\Program Files (x86)\MiKTeX 2.9\tex\latex\00miktex\graphics.cfg"
File: graphics.cfg 2007/01/18 v1.5 graphics configuration of teTeX/TeXLive
)
Package graphics Info: Driver file: pdftex.def on input line 91.

("C:\Program Files (x86)\MiKTeX 2.9\tex\latex\pdftex-def\pdftex.def"
File: pdftex.def 2011/05/27 v0.06d Graphics/color for pdfTeX

("C:\Program Files (x86)\MiKTeX 2.9\tex\generic\oberdiek\infwarerr.sty"
Package: infwarerr 2010/04/08 v1.3 Providing info/warning/error messages (HO)
)
("C:\Program Files (x86)\MiKTeX 2.9\tex\generic\oberdiek\ltxcmds.sty"
Package: ltxcmds 2011/11/09 v1.22 LaTeX kernel commands for general use (HO)
)
\Gread@gobject=\count91
))
\Gin@req@height=\dimen110
\Gin@req@width=\dimen111
)
("C:\Program Files (x86)\MiKTeX 2.9\tex\latex\collectbox\collectbox.sty"
Package: collectbox 2012/05/17 v0.4b Collect macro arguments as boxes
\collectedbox=\box26
)
\tc@llx=\dimen112
\tc@lly=\dimen113
\tc@urx=\dimen114
\tc@ury=\dimen115
Package trimclip Info: Using driver 'tc-pdftex.def'.

("C:\Program Files (x86)\MiKTeX 2.9\tex\latex\adjustbox\tc-pdftex.def"
File: tc-pdftex.def 2012/05/13 v1.0 Clipping driver for pdftex
))
\adjbox@Width=\dimen116
\adjbox@Height=\dimen117
\adjbox@Depth=\dimen118
\adjbox@Totalheight=\dimen119

("C:\Program Files (x86)\MiKTeX 2.9\tex\latex\ifoddpage\ifoddpage.sty"
Package: ifoddpage 2011/09/13 v1.0 Conditionals for odd/even page detection
\c@checkoddpage=\count92
)
("C:\Program Files (x86)\MiKTeX 2.9\tex\latex\ltxmisc\varwidth.sty"
Package: varwidth 2009/03/30 ver 0.92;  Variable-width minipages
\@vwid@box=\box27
\sift@deathcycles=\count93
\@vwid@loff=\dimen120
\@vwid@roff=\dimen121
))
("C:\Program Files (x86)\MiKTeX 2.9\tex\latex\preprint\fullpage.sty"
Package: fullpage 1999/02/23 1.1 (PWD)
\FP@margin=\skip43
)
("C:\Program Files (x86)\MiKTeX 2.9\tex\latex\listings\listings.sty"
\lst@mode=\count94
\lst@gtempboxa=\box28
\lst@token=\toks17
\lst@length=\count95
\lst@currlwidth=\dimen122
\lst@column=\count96
\lst@pos=\count97
\lst@lostspace=\dimen123
\lst@width=\dimen124
\lst@newlines=\count98
\lst@lineno=\count99
\lst@maxwidth=\dimen125

("C:\Program Files (x86)\MiKTeX 2.9\tex\latex\listings\lstmisc.sty"
File: lstmisc.sty 2014/03/04 1.5c (Carsten Heinz)
\c@lstnumber=\count100
\lst@skipnumbers=\count101
\lst@framebox=\box29
)
("C:\Program Files (x86)\MiKTeX 2.9\tex\latex\listings\listings.cfg"
File: listings.cfg 2014/03/04 1.5c listings configuration
))
Package: listings 2014/03/04 1.5c (Carsten Heinz)

("C:\Program Files (x86)\MiKTeX 2.9\tex\latex\natbib\natbib.sty"
Package: natbib 2010/09/13 8.31b (PWD, AO)
\bibhang=\skip44
\bibsep=\skip45
LaTeX Info: Redefining \cite on input line 694.
\c@NAT@ctr=\count102
)
("C:\Program Files (x86)\MiKTeX 2.9\tex\latex\xcolor\xcolor.sty"
Package: xcolor 2007/01/21 v2.11 LaTeX color extensions (UK)

("C:\Program Files (x86)\MiKTeX 2.9\tex\latex\00miktex\color.cfg"
File: color.cfg 2007/01/18 v1.5 color configuration of teTeX/TeXLive
)
Package xcolor Info: Driver file: pdftex.def on input line 225.
Package xcolor Info: Model `cmy' substituted by `cmy0' on input line 1337.
Package xcolor Info: Model `hsb' substituted by `rgb' on input line 1341.
Package xcolor Info: Model `RGB' extended on input line 1353.
Package xcolor Info: Model `HTML' substituted by `rgb' on input line 1355.
Package xcolor Info: Model `Hsb' substituted by `hsb' on input line 1356.
Package xcolor Info: Model `tHsb' substituted by `hsb' on input line 1357.
Package xcolor Info: Model `HSB' substituted by `hsb' on input line 1358.
Package xcolor Info: Model `Gray' substituted by `gray' on input line 1359.
Package xcolor Info: Model `wave' substituted by `hsb' on input line 1360.
)
("C:\Program Files (x86)\MiKTeX 2.9\tex\latex\float\float.sty"
Package: float 2001/11/08 v1.3d Float enhancements (AL)
\c@float@type=\count103
\float@exts=\toks18
\float@box=\box30
\@float@everytoks=\toks19
\@floatcapt=\box31
)
("C:\Program Files (x86)\MiKTeX 2.9\tex\latex\hyperref\hyperref.sty"
Package: hyperref 2012/11/06 v6.83m Hypertext links for LaTeX

("C:\Program Files (x86)\MiKTeX 2.9\tex\generic\oberdiek\hobsub-hyperref.sty"
Package: hobsub-hyperref 2012/04/25 v1.12 Bundle oberdiek, subset hyperref (HO)


("C:\Program Files (x86)\MiKTeX 2.9\tex\generic\oberdiek\hobsub-generic.sty"
Package: hobsub-generic 2012/04/25 v1.12 Bundle oberdiek, subset generic (HO)
Package: hobsub 2012/04/25 v1.12 Construct package bundles (HO)
Package hobsub Info: Skipping package `infwarerr' (already loaded).
Package hobsub Info: Skipping package `ltxcmds' (already loaded).
Package: ifluatex 2010/03/01 v1.3 Provides the ifluatex switch (HO)
Package ifluatex Info: LuaTeX not detected.
Package: ifvtex 2010/03/01 v1.5 Detect VTeX and its facilities (HO)
Package ifvtex Info: VTeX not detected.
Package: intcalc 2007/09/27 v1.1 Expandable calculations with integers (HO)
Package: ifpdf 2011/01/30 v2.3 Provides the ifpdf switch (HO)
Package ifpdf Info: pdfTeX in PDF mode is detected.
Package: etexcmds 2011/02/16 v1.5 Avoid name clashes with e-TeX commands (HO)
Package etexcmds Info: Could not find \expanded.
(etexcmds)             That can mean that you are not using pdfTeX 1.50 or
(etexcmds)             that some package has redefined \expanded.
(etexcmds)             In the latter case, load this package earlier.
Package: kvsetkeys 2012/04/25 v1.16 Key value parser (HO)
Package: kvdefinekeys 2011/04/07 v1.3 Define keys (HO)
Package: pdftexcmds 2011/11/29 v0.20 Utility functions of pdfTeX for LuaTeX (HO
)
Package pdftexcmds Info: LuaTeX not detected.
Package pdftexcmds Info: \pdf@primitive is available.
Package pdftexcmds Info: \pdf@ifprimitive is available.
Package pdftexcmds Info: \pdfdraftmode found.
Package: pdfescape 2011/11/25 v1.13 Implements pdfTeX's escape features (HO)
Package: bigintcalc 2012/04/08 v1.3 Expandable calculations on big integers (HO
)
Package: bitset 2011/01/30 v1.1 Handle bit-vector datatype (HO)
Package: uniquecounter 2011/01/30 v1.2 Provide unlimited unique counter (HO)
)
Package hobsub Info: Skipping package `hobsub' (already loaded).
Package: letltxmacro 2010/09/02 v1.4 Let assignment for LaTeX macros (HO)
Package: hopatch 2011/06/24 v1.1 Wrapper for package hooks (HO)
Package: xcolor-patch 2011/01/30 xcolor patch
Package: atveryend 2011/06/30 v1.8 Hooks at the very end of document (HO)
Package atveryend Info: \enddocument detected (standard20110627).
Package: atbegshi 2011/10/05 v1.16 At begin shipout hook (HO)
Package: refcount 2011/10/16 v3.4 Data extraction from label references (HO)
Package: hycolor 2011/01/30 v1.7 Color options for hyperref/bookmark (HO)
)
("C:\Program Files (x86)\MiKTeX 2.9\tex\generic\ifxetex\ifxetex.sty"
Package: ifxetex 2010/09/12 v0.6 Provides ifxetex conditional
)
("C:\Program Files (x86)\MiKTeX 2.9\tex\latex\oberdiek\auxhook.sty"
Package: auxhook 2011/03/04 v1.3 Hooks for auxiliary files (HO)
)
("C:\Program Files (x86)\MiKTeX 2.9\tex\latex\oberdiek\kvoptions.sty"
Package: kvoptions 2011/06/30 v3.11 Key value format for package options (HO)
)
\@linkdim=\dimen126
\Hy@linkcounter=\count104
\Hy@pagecounter=\count105

("C:\Program Files (x86)\MiKTeX 2.9\tex\latex\hyperref\pd1enc.def"
File: pd1enc.def 2012/11/06 v6.83m Hyperref: PDFDocEncoding definition (HO)
)
\Hy@SavedSpaceFactor=\count106

("C:\Program Files (x86)\MiKTeX 2.9\tex\latex\00miktex\hyperref.cfg"
File: hyperref.cfg 2002/06/06 v1.2 hyperref configuration of TeXLive
)
Package hyperref Info: Hyper figures OFF on input line 4443.
Package hyperref Info: Link nesting OFF on input line 4448.
Package hyperref Info: Hyper index ON on input line 4451.
Package hyperref Info: Plain pages OFF on input line 4458.
Package hyperref Info: Backreferencing OFF on input line 4463.
Package hyperref Info: Implicit mode ON; LaTeX internals redefined.
Package hyperref Info: Bookmarks ON on input line 4688.
\c@Hy@tempcnt=\count107

("C:\Program Files (x86)\MiKTeX 2.9\tex\latex\url\url.sty"
\Urlmuskip=\muskip10
Package: url 2013/09/16  ver 3.4  Verb mode for urls, etc.
)
LaTeX Info: Redefining \url on input line 5041.
\XeTeXLinkMargin=\dimen127
\Fld@menulength=\count108
\Field@Width=\dimen128
\Fld@charsize=\dimen129
Package hyperref Info: Hyper figures OFF on input line 6295.
Package hyperref Info: Link nesting OFF on input line 6300.
Package hyperref Info: Hyper index ON on input line 6303.
Package hyperref Info: backreferencing OFF on input line 6310.
Package hyperref Info: Link coloring OFF on input line 6315.
Package hyperref Info: Link coloring with OCG OFF on input line 6320.
Package hyperref Info: PDF/A mode OFF on input line 6325.
LaTeX Info: Redefining \ref on input line 6365.
LaTeX Info: Redefining \pageref on input line 6369.
\Hy@abspage=\count109
\c@Item=\count110
\c@Hfootnote=\count111
)

Package hyperref Message: Driver (autodetected): hpdftex.

("C:\Program Files (x86)\MiKTeX 2.9\tex\latex\hyperref\hpdftex.def"
File: hpdftex.def 2012/11/06 v6.83m Hyperref driver for pdfTeX
\Fld@listcount=\count112
\c@bookmark@seq@number=\count113

("C:\Program Files (x86)\MiKTeX 2.9\tex\latex\oberdiek\rerunfilecheck.sty"
Package: rerunfilecheck 2011/04/15 v1.7 Rerun checks for auxiliary files (HO)
Package uniquecounter Info: New unique counter `rerunfilecheck' on input line 2
82.
)
\Hy@SectionHShift=\skip46
)
("C:\Program Files (x86)\MiKTeX 2.9\tex\latex\listings\lstlang1.sty"
File: lstlang1.sty 2014/03/04 1.5c listings language file
)
("C:\Program Files (x86)\MiKTeX 2.9\tex\latex\listings\lstmisc.sty"
File: lstmisc.sty 2014/03/04 1.5c (Carsten Heinz)
)
("C:\Users\Derek R. Racine\Documents\GitHub\89_proj_report\report.aux")
LaTeX Font Info:    Checking defaults for OML/cmm/m/it on input line 49.
LaTeX Font Info:    ... okay on input line 49.
LaTeX Font Info:    Checking defaults for T1/cmr/m/n on input line 49.
LaTeX Font Info:    ... okay on input line 49.
LaTeX Font Info:    Checking defaults for OT1/cmr/m/n on input line 49.
LaTeX Font Info:    ... okay on input line 49.
LaTeX Font Info:    Checking defaults for OMS/cmsy/m/n on input line 49.
LaTeX Font Info:    ... okay on input line 49.
LaTeX Font Info:    Checking defaults for OMX/cmex/m/n on input line 49.
LaTeX Font Info:    ... okay on input line 49.
LaTeX Font Info:    Checking defaults for U/cmr/m/n on input line 49.
LaTeX Font Info:    ... okay on input line 49.
LaTeX Font Info:    Checking defaults for PD1/pdf/m/n on input line 49.
LaTeX Font Info:    ... okay on input line 49.
Package caption Info: Begin \AtBeginDocument code.
Package caption Info: float package is loaded.
Package caption Info: hyperref package is loaded.
Package caption Info: listings package is loaded.
Package caption Info: End \AtBeginDocument code.

("C:\Program Files (x86)\MiKTeX 2.9\tex\context\base\supp-pdf.mkii"
[Loading MPS to PDF converter (version 2006.09.02).]
\scratchcounter=\count114
\scratchdimen=\dimen130
\scratchbox=\box32
\nofMPsegments=\count115
\nofMParguments=\count116
\everyMPshowfont=\toks20
\MPscratchCnt=\count117
\MPscratchDim=\dimen131
\MPnumerator=\count118
\makeMPintoPDFobject=\count119
\everyMPtoPDFconversion=\toks21
)
\c@lstlisting=\count120
\AtBeginShipoutBox=\box33
Package hyperref Info: Link coloring OFF on input line 49.
 ("C:\Program Files (x86)\MiKTeX 2.9\tex\latex\hyperref\nameref.sty"
Package: nameref 2012/10/27 v2.43 Cross-referencing by name of section

("C:\Program Files (x86)\MiKTeX 2.9\tex\generic\oberdiek\gettitlestring.sty"
Package: gettitlestring 2010/12/03 v1.4 Cleanup title references (HO)
)
\c@section@level=\count121
)
LaTeX Info: Redefining \ref on input line 49.
LaTeX Info: Redefining \pageref on input line 49.
LaTeX Info: Redefining \nameref on input line 49.

("C:\Users\Derek R. Racine\Documents\GitHub\89_proj_report\report.out")
("C:\Users\Derek R. Racine\Documents\GitHub\89_proj_report\report.out")
\@outlinefile=\write3
LaTeX Font Info:    External font `cmex10' loaded for size
(Font)              <12> on input line 52.
LaTeX Font Info:    External font `cmex10' loaded for size
(Font)              <8> on input line 52.
LaTeX Font Info:    External font `cmex10' loaded for size
(Font)              <6> on input line 52.

<neurons.png, id=54, 1003.75pt x 689.57625pt>
File: neurons.png Graphic file (type png)
 <use neurons.png>
Package pdftex.def Info: neurons.png used on input line 85.
(pdftex.def)             Requested size: 234.8775pt x 161.35597pt.


LaTeX Warning: `h' float specifier changed to `ht'.

<looming.png, id=57, 706.89093pt x 410.2828pt>
File: looming.png Graphic file (type png)
 <use looming.png>
Package pdftex.def Info: looming.png used on input line 112.
(pdftex.def)             Requested size: 211.38832pt x 122.69138pt.
LaTeX Font Info:    External font `cmex10' loaded for size
(Font)              <7> on input line 115.
LaTeX Font Info:    External font `cmex10' loaded for size
(Font)              <5> on input line 115.

<moving_gratings.pdf, id=59, 459.7175pt x 362.35374pt>
File: moving_gratings.pdf Graphic file (type pdf)

<use moving_gratings.pdf>
Package pdftex.def Info: moving_gratings.pdf used on input line 118.
(pdftex.def)             Requested size: 211.38832pt x 166.6184pt.
 [1

{C:/ProgramData/MiKTeX/2.9/pdftex/config/pdftex.map}] <neural_activity.pdf, id=
76, 408.52625pt x 307.1475pt>
File: neural_activity.pdf Graphic file (type pdf)

<use neural_activity.pdf>
Package pdftex.def Info: neural_activity.pdf used on input line 151.
(pdftex.def)             Requested size: 211.38832pt x 158.93025pt.

<smooth_neural_activity.pdf, id=77, 408.52625pt x 307.1475pt>
File: smooth_neural_activity.pdf Graphic file (type pdf)

<use smooth_neural_activity.pdf>
Package pdftex.def Info: smooth_neural_activity.pdf used on input line 157.
(pdftex.def)             Requested size: 211.38832pt x 158.93025pt.
 [2 <C:/Users/Derek R. Racine/Documents/GitHub/89_proj_report/neurons.png> <C:/
Users/Derek R. Racine/Documents/GitHub/89_proj_report/looming.png> <C:/Users/De
rek R. Racine/Documents/GitHub/89_proj_report/moving_gratings.pdf>] <detecting_
spikes.pdf, id=100, 719.68875pt x 297.11pt>
File: detecting_spikes.pdf Graphic file (type pdf)

<use detecting_spikes.pdf>
Package pdftex.def Info: detecting_spikes.pdf used on input line 176.
(pdftex.def)             Requested size: 422.77664pt x 174.5408pt.
Missing character: There is no â in font cmr10!
Missing character: There is no € in font cmr10!
Missing character: There is no ” in font cmr10!
 [3 <C:/Users/Derek R. Racine/Documents/GitHub/89_proj_report/neural_activity.p
df> <C:/Users/Derek R. Racine/Documents/GitHub/89_proj_report/smooth_neural_act
ivity.pdf> <C:/Users/Derek R. Racine/Documents/GitHub/89_proj_report/detecting_
spikes.pdf>]
LaTeX Font Info:    Try loading font information for OMS+cmr on input line 199.


("C:\Program Files (x86)\MiKTeX 2.9\tex\latex\base\omscmr.fd"
File: omscmr.fd 1999/05/25 v2.5h Standard LaTeX font definitions
)
LaTeX Font Info:    Font shape `OMS/cmr/m/n' in size <7> not available
(Font)              Font shape `OMS/cmsy/m/n' tried instead on input line 199.

<toy1.pdf, id=156, 152.57pt x 356.33125pt>
File: toy1.pdf Graphic file (type pdf)
 <use toy1.pdf>
Package pdftex.def Info: toy1.pdf used on input line 261.
(pdftex.def)             Requested size: 117.43875pt x 274.28891pt.

<toy2.pdf, id=157, 279.0425pt x 211.79124pt>
File: toy2.pdf Graphic file (type pdf)
 <use toy2.pdf>
Package pdftex.def Info: toy2.pdf used on input line 267.
(pdftex.def)             Requested size: 234.8775pt x 178.27507pt.


LaTeX Warning: `h' float specifier changed to `ht'.

[4]

! Package Listings Error: File `fail(.c)' not found.

Type X to quit or <RETURN> to proceed,
or enter new name. (Default extension: c)

Enter file name: 
! Undefined control sequence.
\\lst@inputlisting ...}}\reserved@a }\lst@doendpe 
                                                  \@newlistfalse \ignorespaces 
l.315 ...inputlisting[caption=,language=C]{fail.c}
                                                  }
? 

! Package Listings Error: File `win(.c)' not found.

Type X to quit or <RETURN> to proceed,
or enter new name. (Default extension: c)

Enter file name: 
! Undefined control sequence.
\\lst@inputlisting ...}}\reserved@a }\lst@doendpe 
                                                  \@newlistfalse \ignorespaces 
l.321 ...tinputlisting[caption=,language=C]{win.c}
                                                  }
? 
[5 <C:/Users/Derek R. Racine/Documents/GitHub/89_proj_report/toy1.pdf> <C:/User
s/Derek R. Racine/Documents/GitHub/89_proj_report/toy2.pdf

pdfTeX warning: miktex-pdftex.exe (file C:/Users/Derek R. Racine/Documents/GitH
ub/89_proj_report/toy2.pdf): PDF inclusion: multiple pdfs with page group inclu
ded in a single page
>] <v1_clusters.pdf, id=197, 588.62868pt x 594.52736pt>
File: v1_clusters.pdf Graphic file (type pdf)
 <use v1_clusters.pdf>
Package pdftex.def Info: v1_clusters.pdf used on input line 353.
(pdftex.def)             Requested size: 234.8775pt x 237.22614pt.

[6 <C:/Users/Derek R. Racine/Documents/GitHub/89_proj_report/v1_clusters.pdf>]
<V1NeuronTuningCurve.pdf, id=227, 380.54941pt x 301.3952pt>
File: V1NeuronTuningCurve.pdf Graphic file (type pdf)

<use V1NeuronTuningCurve.pdf>
Package pdftex.def Info: V1NeuronTuningCurve.pdf used on input line 404.
(pdftex.def)             Requested size: 234.8775pt x 186.02148pt.

<spont_act_cluster.pdf, id=230, 614.295pt x 794.97pt>
File: spont_act_cluster.pdf Graphic file (type pdf)

<use spont_act_cluster.pdf>
Package pdftex.def Info: spont_act_cluster.pdf used on input line 445.
(pdftex.def)             Requested size: 140.92793pt x 182.3783pt.

<loom_obj_clusters.pdf, id=231, 614.295pt x 794.97pt>
File: loom_obj_clusters.pdf Graphic file (type pdf)

<use loom_obj_clusters.pdf>
Package pdftex.def Info: loom_obj_clusters.pdf used on input line 451.
(pdftex.def)             Requested size: 140.92793pt x 182.3783pt.
 [7 <C:/Users/Derek R. Racine/Documents/GitHub/89_proj_report/V1NeuronTuningCur
ve.pdf>]
<ECNeuronTuningCurve_LoomObj.pdf, id=262, 372.84296pt x 301.18082pt>
File: ECNeuronTuningCurve_LoomObj.pdf Graphic file (type pdf)

<use ECNeuronTuningCurve_LoomObj.pdf>
Package pdftex.def Info: ECNeuronTuningCurve_LoomObj.pdf used on input line 491
.
(pdftex.def)             Requested size: 211.38832pt x 170.7603pt.

<ECNeuronTuningCurve_Spont.pdf, id=263, 379.70679pt x 302.93756pt>
File: ECNeuronTuningCurve_Spont.pdf Graphic file (type pdf)

<use ECNeuronTuningCurve_Spont.pdf>
Package pdftex.def Info: ECNeuronTuningCurve_Spont.pdf used on input line 497.
(pdftex.def)             Requested size: 211.38832pt x 168.65004pt.
 [8 <C:/Users/Derek R. Racine/Documents/GitHub/89_proj_report/spont_act_cluster
.pdf> <C:/Users/Derek R. Racine/Documents/GitHub/89_proj_report/loom_obj_cluste
rs.pdf> <C:/Users/Derek R. Racine/Documents/GitHub/89_proj_report/ECNeuronTunin
gCurve_LoomObj.pdf> <C:/Users/Derek R. Racine/Documents/GitHub/89_proj_report/E
CNeuronTuningCurve_Spont.pdf>]
("C:\Users\Derek R. Racine\Documents\GitHub\89_proj_report\report.bbl" [9])
[10]
Missing character: There is no â in font cmr10!
Missing character: There is no € in font cmr10!
Missing character: There is no ” in font cmr10!
 [11] <stim_mov_grat/stim1_pp.pdf, id=352, 527.9725pt x 862.22125pt>
File: stim_mov_grat/stim1_pp.pdf Graphic file (type pdf)

<use stim_mov_grat/stim1_pp.pdf>
Package pdftex.def Info: stim_mov_grat/stim1_pp.pdf used on input line 611.
(pdftex.def)             Requested size: 527.9712pt x 862.21915pt.
 [12 <C:/Users/Derek R. Racine/Documents/GitHub/89_proj_report/stim_mov_grat/st
im1_pp.pdf>]
<stim_mov_grat/stim2_pp.pdf, id=366, 831.105pt x 862.22125pt>
File: stim_mov_grat/stim2_pp.pdf Graphic file (type pdf)

<use stim_mov_grat/stim2_pp.pdf>
Package pdftex.def Info: stim_mov_grat/stim2_pp.pdf used on input line 614.
(pdftex.def)             Requested size: 831.10297pt x 862.21915pt.

Overfull \hbox (15.01057pt too wide) in paragraph at lines 614--615
[][] 
 []

[13 <C:/Users/Derek R. Racine/Documents/GitHub/89_proj_report/stim_mov_grat/sti
m2_pp.pdf>] <stim_mov_grat/stim3_pp.pdf, id=381, 642.4pt x 1440.38126pt>
File: stim_mov_grat/stim3_pp.pdf Graphic file (type pdf)

<use stim_mov_grat/stim3_pp.pdf>
Package pdftex.def Info: stim_mov_grat/stim3_pp.pdf used on input line 617.
(pdftex.def)             Requested size: 642.39844pt x 1440.37775pt.
 [14 <C:/Users/Derek R. Racine/Documents/GitHub/89_proj_report/stim_mov_grat/st
im3_pp.pdf>]
<stim_mov_grat/stim4_pp.pdf, id=395, 1207.51125pt x 1368.11125pt>
File: stim_mov_grat/stim4_pp.pdf Graphic file (type pdf)

<use stim_mov_grat/stim4_pp.pdf>
Package pdftex.def Info: stim_mov_grat/stim4_pp.pdf used on input line 620.
(pdftex.def)             Requested size: 1207.5083pt x 1368.10793pt.

Overfull \hbox (15.01414pt too wide) in paragraph at lines 620--621
[][] 
 []

[15 <C:/Users/Derek R. Racine/Documents/GitHub/89_proj_report/stim_mov_grat/sti
m4_pp.pdf>] <stim_mov_grat/stim5_pp.pdf, id=409, 812.03375pt x 1151.30125pt>
File: stim_mov_grat/stim5_pp.pdf Graphic file (type pdf)

<use stim_mov_grat/stim5_pp.pdf>
Package pdftex.def Info: stim_mov_grat/stim5_pp.pdf used on input line 623.
(pdftex.def)             Requested size: 812.03177pt x 1151.29846pt.
 [16 <C:/Users/Derek R. Racine/Documents/GitHub/89_proj_report/stim_mov_grat/st
im5_pp.pdf>]
<stim_mov_grat/stim6_pp.pdf, id=423, 646.415pt x 1223.57124pt>
File: stim_mov_grat/stim6_pp.pdf Graphic file (type pdf)

<use stim_mov_grat/stim6_pp.pdf>
Package pdftex.def Info: stim_mov_grat/stim6_pp.pdf used on input line 626.
(pdftex.def)             Requested size: 646.41342pt x 1223.56827pt.
 [17 <C:/Users/Derek R. Racine/Documents/GitHub/89_proj_report/stim_mov_grat/st
im6_pp.pdf>]
<stim_mov_grat/stim7_pp.pdf, id=437, 621.32124pt x 1223.57124pt>
File: stim_mov_grat/stim7_pp.pdf Graphic file (type pdf)

<use stim_mov_grat/stim7_pp.pdf>
Package pdftex.def Info: stim_mov_grat/stim7_pp.pdf used on input line 629.
(pdftex.def)             Requested size: 621.31973pt x 1223.56827pt.
 [18 <C:/Users/Derek R. Racine/Documents/GitHub/89_proj_report/stim_mov_grat/st
im7_pp.pdf>]
<stim_mov_grat/stim8_pp.pdf, id=451, 590.205pt x 573.14125pt>
File: stim_mov_grat/stim8_pp.pdf Graphic file (type pdf)

<use stim_mov_grat/stim8_pp.pdf>
Package pdftex.def Info: stim_mov_grat/stim8_pp.pdf used on input line 632.
(pdftex.def)             Requested size: 590.20355pt x 573.13985pt.

Overfull \hbox (15.00507pt too wide) in paragraph at lines 632--633
[][] 
 []

[19 <C:/Users/Derek R. Racine/Documents/GitHub/89_proj_report/stim_mov_grat/sti
m8_pp.pdf>] <stim_mov_grat/stim9_pp.pdf, id=466, 588.1975pt x 573.14125pt>
File: stim_mov_grat/stim9_pp.pdf Graphic file (type pdf)

<use stim_mov_grat/stim9_pp.pdf>
Package pdftex.def Info: stim_mov_grat/stim9_pp.pdf used on input line 635.
(pdftex.def)             Requested size: 588.19606pt x 573.13985pt.

Overfull \hbox (15.00482pt too wide) in paragraph at lines 635--636
[][] 
 []

[20 <C:/Users/Derek R. Racine/Documents/GitHub/89_proj_report/stim_mov_grat/sti
m9_pp.pdf>] <stim_mov_grat/stim10_pp.pdf, id=480, 461.725pt x 717.68124pt>
File: stim_mov_grat/stim10_pp.pdf Graphic file (type pdf)

<use stim_mov_grat/stim10_pp.pdf>
Package pdftex.def Info: stim_mov_grat/stim10_pp.pdf used on input line 638.
(pdftex.def)             Requested size: 461.72388pt x 717.67949pt.
 [21 <C:/Users/Derek R. Racine/Documents/GitHub/89_proj_report/stim_mov_grat/st
im10_pp.pdf>]
<stim_mov_grat/stim11_pp.pdf, id=494, 499.8675pt x 1006.76125pt>
File: stim_mov_grat/stim11_pp.pdf Graphic file (type pdf)

<use stim_mov_grat/stim11_pp.pdf>
Package pdftex.def Info: stim_mov_grat/stim11_pp.pdf used on input line 641.
(pdftex.def)             Requested size: 499.86627pt x 1006.75879pt.
 [22 <C:/Users/Derek R. Racine/Documents/GitHub/89_proj_report/stim_mov_grat/st
im11_pp.pdf>]
<stim_mov_grat/stim12_pp.pdf, id=508, 792.9625pt x 1223.57124pt>
File: stim_mov_grat/stim12_pp.pdf Graphic file (type pdf)

<use stim_mov_grat/stim12_pp.pdf>
Package pdftex.def Info: stim_mov_grat/stim12_pp.pdf used on input line 644.
(pdftex.def)             Requested size: 792.96056pt x 1223.56827pt.
 [23 <C:/Users/Derek R. Racine/Documents/GitHub/89_proj_report/stim_mov_grat/st
im12_pp.pdf>]
<stim_mov_grat/stim13_pp.pdf, id=522, 714.67pt x 1006.76125pt>
File: stim_mov_grat/stim13_pp.pdf Graphic file (type pdf)

<use stim_mov_grat/stim13_pp.pdf>
Package pdftex.def Info: stim_mov_grat/stim13_pp.pdf used on input line 647.
(pdftex.def)             Requested size: 714.66824pt x 1006.75879pt.
 [24 <C:/Users/Derek R. Racine/Documents/GitHub/89_proj_report/stim_mov_grat/st
im13_pp.pdf>]
<stim_mov_grat/stim14_pp.pdf, id=536, 754.82pt x 1079.03125pt>
File: stim_mov_grat/stim14_pp.pdf Graphic file (type pdf)

<use stim_mov_grat/stim14_pp.pdf>
Package pdftex.def Info: stim_mov_grat/stim14_pp.pdf used on input line 650.
(pdftex.def)             Requested size: 754.81818pt x 1079.02863pt.
 [25 <C:/Users/Derek R. Racine/Documents/GitHub/89_proj_report/stim_mov_grat/st
im14_pp.pdf>]
<stim_mov_grat/stim15_pp.pdf, id=551, 633.36626pt x 862.22125pt>
File: stim_mov_grat/stim15_pp.pdf Graphic file (type pdf)

<use stim_mov_grat/stim15_pp.pdf>
Package pdftex.def Info: stim_mov_grat/stim15_pp.pdf used on input line 653.
(pdftex.def)             Requested size: 633.36472pt x 862.21915pt.

Overfull \hbox (1.0074pt too wide) in paragraph at lines 653--654
[][] 
 []

[26 <C:/Users/Derek R. Racine/Documents/GitHub/89_proj_report/stim_mov_grat/sti
m15_pp.pdf>] <stim_mov_grat/stim16_pp.pdf, id=565, 750.805pt x 645.41125pt>
File: stim_mov_grat/stim16_pp.pdf Graphic file (type pdf)

<use stim_mov_grat/stim16_pp.pdf>
Package pdftex.def Info: stim_mov_grat/stim16_pp.pdf used on input line 656.
(pdftex.def)             Requested size: 750.80316pt x 645.40968pt.

Overfull \hbox (15.00961pt too wide) in paragraph at lines 656--657
[][] 
 []

[27 <C:/Users/Derek R. Racine/Documents/GitHub/89_proj_report/stim_mov_grat/sti
m16_pp.pdf>]
<bl_looming_objs/bl_loom_obj1_pp.pdf, id=579, 2266.4675pt x 2379.89125pt>
File: bl_looming_objs/bl_loom_obj1_pp.pdf Graphic file (type pdf)

<use bl_looming_objs/bl_loom_obj1_pp.pdf>
Package pdftex.def Info: bl_looming_objs/bl_loom_obj1_pp.pdf used on input line
 661.
(pdftex.def)             Requested size: 2266.46199pt x 2379.88547pt.

Overfull \hbox (15.00345pt too wide) in paragraph at lines 661--662
[][] 
 []

[28 <C:/Users/Derek R. Racine/Documents/GitHub/89_proj_report/bl_looming_objs/b
l_loom_obj1_pp.pdf>]
<bl_looming_objs/bl_loom_obj2_pp.pdf, id=593, 2234.3475pt x 3897.56125pt>
File: bl_looming_objs/bl_loom_obj2_pp.pdf Graphic file (type pdf)

<use bl_looming_objs/bl_loom_obj2_pp.pdf>
Package pdftex.def Info: bl_looming_objs/bl_loom_obj2_pp.pdf used on input line
 664.
(pdftex.def)             Requested size: 2234.34207pt x 3897.55179pt.
 [29 <C:/Users/Derek R. Racine/Documents/GitHub/89_proj_report/bl_looming_objs/
bl_loom_obj2_pp.pdf>]
<bl_looming_objs/bl_loom_obj3_pp.pdf, id=607, 3377.61874pt x 3680.75125pt>
File: bl_looming_objs/bl_loom_obj3_pp.pdf Graphic file (type pdf)

<use bl_looming_objs/bl_loom_obj3_pp.pdf>
Package pdftex.def Info: bl_looming_objs/bl_loom_obj3_pp.pdf used on input line
 667.
(pdftex.def)             Requested size: 3377.61055pt x 3680.74231pt.

Overfull \hbox (15.00426pt too wide) in paragraph at lines 667--668
[][] 
 []

[30 <C:/Users/Derek R. Racine/Documents/GitHub/89_proj_report/bl_looming_objs/b
l_loom_obj3_pp.pdf>]
<bl_looming_objs/bl_loom_obj4_pp.pdf, id=621, 3824.2875pt x 4475.72125pt>
File: bl_looming_objs/bl_loom_obj4_pp.pdf Graphic file (type pdf)

<use bl_looming_objs/bl_loom_obj4_pp.pdf>
Package pdftex.def Info: bl_looming_objs/bl_loom_obj4_pp.pdf used on input line
 670.
(pdftex.def)             Requested size: 3824.27823pt x 4475.7104pt.

Overfull \hbox (15.01561pt too wide) in paragraph at lines 670--671
[][] 
 []

[31 <C:/Users/Derek R. Racine/Documents/GitHub/89_proj_report/bl_looming_objs/b
l_loom_obj4_pp.pdf>]
<bl_looming_objs/bl_loom_obj5_pp.pdf, id=636, 3810.235pt x 4692.53125pt>
File: bl_looming_objs/bl_loom_obj5_pp.pdf Graphic file (type pdf)

<use bl_looming_objs/bl_loom_obj5_pp.pdf>
Package pdftex.def Info: bl_looming_objs/bl_loom_obj5_pp.pdf used on input line
 673.
(pdftex.def)             Requested size: 3810.22575pt x 4692.51987pt.

Overfull \hbox (14.99986pt too wide) in paragraph at lines 673--674
[][] 
 []

[32 <C:/Users/Derek R. Racine/Documents/GitHub/89_proj_report/bl_looming_objs/b
l_loom_obj5_pp.pdf>]
<bl_looming_objs/bl_loom_obj6_pp.pdf, id=650, 3266.2025pt x 4042.10126pt>
File: bl_looming_objs/bl_loom_obj6_pp.pdf Graphic file (type pdf)

<use bl_looming_objs/bl_loom_obj6_pp.pdf>
Package pdftex.def Info: bl_looming_objs/bl_loom_obj6_pp.pdf used on input line
 676.
(pdftex.def)             Requested size: 3266.19458pt x 4042.09146pt.

Overfull \hbox (15.00504pt too wide) in paragraph at lines 676--677
[][] 
 []

[33 <C:/Users/Derek R. Racine/Documents/GitHub/89_proj_report/bl_looming_objs/b
l_loom_obj6_pp.pdf>]
<bl_looming_objs/bl_loom_obj7_pp.pdf, id=664, 3712.87125pt x 4331.18124pt>
File: bl_looming_objs/bl_loom_obj7_pp.pdf Graphic file (type pdf)

<use bl_looming_objs/bl_loom_obj7_pp.pdf>
Package pdftex.def Info: bl_looming_objs/bl_loom_obj7_pp.pdf used on input line
 679.
(pdftex.def)             Requested size: 3712.86224pt x 4331.17073pt.

Overfull \hbox (15.01665pt too wide) in paragraph at lines 679--680
[][] 
 []

[34 <C:/Users/Derek R. Racine/Documents/GitHub/89_proj_report/bl_looming_objs/b
l_loom_obj7_pp.pdf>]
<bl_looming_objs/bl_loom_obj8_pp.pdf, id=678, 2264.46pt x 3174.86125pt>
File: bl_looming_objs/bl_loom_obj8_pp.pdf Graphic file (type pdf)

<use bl_looming_objs/bl_loom_obj8_pp.pdf>
Package pdftex.def Info: bl_looming_objs/bl_loom_obj8_pp.pdf used on input line
 682.
(pdftex.def)             Requested size: 2264.45451pt x 3174.85353pt.
 [35 <C:/Users/Derek R. Racine/Documents/GitHub/89_proj_report/bl_looming_objs/
bl_loom_obj8_pp.pdf>]
<bl_looming_objs/bl_loom_obj9_pp.pdf, id=692, 1920.17375pt x 1657.19125pt>
File: bl_looming_objs/bl_loom_obj9_pp.pdf Graphic file (type pdf)

<use bl_looming_objs/bl_loom_obj9_pp.pdf>
Package pdftex.def Info: bl_looming_objs/bl_loom_obj9_pp.pdf used on input line
 685.
(pdftex.def)             Requested size: 1920.16908pt x 1657.18723pt.

Overfull \hbox (15.01006pt too wide) in paragraph at lines 685--686
[][] 
 []

[36 <C:/Users/Derek R. Racine/Documents/GitHub/89_proj_report/bl_looming_objs/b
l_loom_obj9_pp.pdf>]
<bl_looming_objs/bl_loom_obj10_pp.pdf, id=706, 1672.2475pt x 1801.73125pt>
File: bl_looming_objs/bl_loom_obj10_pp.pdf Graphic file (type pdf)

<use bl_looming_objs/bl_loom_obj10_pp.pdf>
Package pdftex.def Info: bl_looming_objs/bl_loom_obj10_pp.pdf used on input lin
e 688.
(pdftex.def)             Requested size: 1672.24344pt x 1801.72687pt.

Overfull \hbox (15.00699pt too wide) in paragraph at lines 688--689
[][] 
 []

[37 <C:/Users/Derek R. Racine/Documents/GitHub/89_proj_report/bl_looming_objs/b
l_loom_obj10_pp.pdf>]
<bl_looming_objs/bl_loom_obj11_pp.pdf, id=721, 1894.07625pt x 2090.81125pt>
File: bl_looming_objs/bl_loom_obj11_pp.pdf Graphic file (type pdf)

<use bl_looming_objs/bl_loom_obj11_pp.pdf>
Package pdftex.def Info: bl_looming_objs/bl_loom_obj11_pp.pdf used on input lin
e 691.
(pdftex.def)             Requested size: 1894.07164pt x 2090.80617pt.

Overfull \hbox (15.00868pt too wide) in paragraph at lines 691--692
[][] 
 []

[38 <C:/Users/Derek R. Racine/Documents/GitHub/89_proj_report/bl_looming_objs/b
l_loom_obj11_pp.pdf>]
<bl_looming_objs/bl_loom_obj12_pp.pdf, id=735, 1840.8775pt x 2741.24126pt>
File: bl_looming_objs/bl_loom_obj12_pp.pdf Graphic file (type pdf)

<use bl_looming_objs/bl_loom_obj12_pp.pdf>
Package pdftex.def Info: bl_looming_objs/bl_loom_obj12_pp.pdf used on input lin
e 694.
(pdftex.def)             Requested size: 1840.87303pt x 2741.23459pt.
 [39 <C:/Users/Derek R. Racine/Documents/GitHub/89_proj_report/bl_looming_objs/
bl_loom_obj12_pp.pdf>]
<bl_looming_objs/bl_loom_obj13_pp.pdf, id=749, 2172.115pt x 2163.08125pt>
File: bl_looming_objs/bl_loom_obj13_pp.pdf Graphic file (type pdf)

<use bl_looming_objs/bl_loom_obj13_pp.pdf>
Package pdftex.def Info: bl_looming_objs/bl_loom_obj13_pp.pdf used on input lin
e 697.
(pdftex.def)             Requested size: 2172.10973pt x 2163.076pt.

Overfull \hbox (14.99762pt too wide) in paragraph at lines 697--698
[][] 
 []

[40 <C:/Users/Derek R. Racine/Documents/GitHub/89_proj_report/bl_looming_objs/b
l_loom_obj13_pp.pdf>]
<bl_looming_objs/bl_loom_obj14_pp.pdf, id=763, 1718.42pt x 2235.35126pt>
File: bl_looming_objs/bl_loom_obj14_pp.pdf Graphic file (type pdf)

<use bl_looming_objs/bl_loom_obj14_pp.pdf>
Package pdftex.def Info: bl_looming_objs/bl_loom_obj14_pp.pdf used on input lin
e 700.
(pdftex.def)             Requested size: 1718.41583pt x 2235.34583pt.

Overfull \hbox (15.02074pt too wide) in paragraph at lines 700--701
[][] 
 []

[41 <C:/Users/Derek R. Racine/Documents/GitHub/89_proj_report/bl_looming_objs/b
l_loom_obj14_pp.pdf>]
<bl_looming_objs/bl_loom_obj15_pp.pdf, id=777, 1720.4275pt x 1657.19125pt>
File: bl_looming_objs/bl_loom_obj15_pp.pdf Graphic file (type pdf)

<use bl_looming_objs/bl_loom_obj15_pp.pdf>
Package pdftex.def Info: bl_looming_objs/bl_loom_obj15_pp.pdf used on input lin
e 703.
(pdftex.def)             Requested size: 1720.42332pt x 1657.18723pt.

Overfull \hbox (15.00911pt too wide) in paragraph at lines 703--704
[][] 
 []

[42 <C:/Users/Derek R. Racine/Documents/GitHub/89_proj_report/bl_looming_objs/b
l_loom_obj15_pp.pdf>]
<bl_looming_objs/bl_loom_obj16_pp.pdf, id=791, 1507.6325pt x 1584.92125pt>
File: bl_looming_objs/bl_loom_obj16_pp.pdf Graphic file (type pdf)

<use bl_looming_objs/bl_loom_obj16_pp.pdf>
Package pdftex.def Info: bl_looming_objs/bl_loom_obj16_pp.pdf used on input lin
e 706.
(pdftex.def)             Requested size: 1507.62885pt x 1584.9174pt.

Overfull \hbox (15.01555pt too wide) in paragraph at lines 706--707
[][] 
 []

[43 <C:/Users/Derek R. Racine/Documents/GitHub/89_proj_report/bl_looming_objs/b
l_loom_obj16_pp.pdf>]
<looming_object/loom_obj1_pp.pdf, id=806, 1452.42625pt x 2235.35126pt>
File: looming_object/loom_obj1_pp.pdf Graphic file (type pdf)

<use looming_object/loom_obj1_pp.pdf>
Package pdftex.def Info: looming_object/loom_obj1_pp.pdf used on input line 711
.
(pdftex.def)             Requested size: 1452.42271pt x 2235.34583pt.
 [44 <C:/Users/Derek R. Racine/Documents/GitHub/89_proj_report/looming_object/l
oom_obj1_pp.pdf>]
<looming_object/loom_obj2_pp.pdf, id=820, 1451.4225pt x 3680.75125pt>
File: looming_object/loom_obj2_pp.pdf Graphic file (type pdf)

<use looming_object/loom_obj2_pp.pdf>
Package pdftex.def Info: looming_object/loom_obj2_pp.pdf used on input line 714
.
(pdftex.def)             Requested size: 1451.41898pt x 3680.74231pt.
 [45 <C:/Users/Derek R. Racine/Documents/GitHub/89_proj_report/looming_object/l
oom_obj2_pp.pdf>]
<looming_object/loom_obj3_pp.pdf, id=834, 2312.64pt x 2452.16125pt>
File: looming_object/loom_obj3_pp.pdf Graphic file (type pdf)

<use looming_object/loom_obj3_pp.pdf>
Package pdftex.def Info: looming_object/loom_obj3_pp.pdf used on input line 717
.
(pdftex.def)             Requested size: 2312.63438pt x 2452.1553pt.

Overfull \hbox (15.00456pt too wide) in paragraph at lines 717--718
[][] 
 []

[46 <C:/Users/Derek R. Racine/Documents/GitHub/89_proj_report/looming_object/lo
om_obj3_pp.pdf>]
<looming_object/loom_obj4_pp.pdf, id=848, 1757.56625pt x 1729.46124pt>
File: looming_object/loom_obj4_pp.pdf Graphic file (type pdf)

<use looming_object/loom_obj4_pp.pdf>
Package pdftex.def Info: looming_object/loom_obj4_pp.pdf used on input line 720
.
(pdftex.def)             Requested size: 1757.56198pt x 1729.45703pt.

Overfull \hbox (15.02023pt too wide) in paragraph at lines 720--721
[][] 
 []

[47 <C:/Users/Derek R. Racine/Documents/GitHub/89_proj_report/looming_object/lo
om_obj4_pp.pdf>]
<looming_object/loom_obj5_pp.pdf, id=862, 1630.09pt x 2596.70125pt>
File: looming_object/loom_obj5_pp.pdf Graphic file (type pdf)

<use looming_object/loom_obj5_pp.pdf>
Package pdftex.def Info: looming_object/loom_obj5_pp.pdf used on input line 723
.
(pdftex.def)             Requested size: 1630.08603pt x 2596.69495pt.
 [48 <C:/Users/Derek R. Racine/Documents/GitHub/89_proj_report/looming_object/l
oom_obj5_pp.pdf>]
<looming_object/loom_obj6_pp.pdf, id=876, 1624.0675pt x 2307.62125pt>
File: looming_object/loom_obj6_pp.pdf Graphic file (type pdf)

<use looming_object/loom_obj6_pp.pdf>
Package pdftex.def Info: looming_object/loom_obj6_pp.pdf used on input line 726
.
(pdftex.def)             Requested size: 1624.06355pt x 2307.61563pt.
 [49 <C:/Users/Derek R. Racine/Documents/GitHub/89_proj_report/looming_object/l
oom_obj6_pp.pdf>]
<looming_object/loom_obj7_pp.pdf, id=891, 1910.13625pt x 2235.35126pt>
File: looming_object/loom_obj7_pp.pdf Graphic file (type pdf)

<use looming_object/loom_obj7_pp.pdf>
Package pdftex.def Info: looming_object/loom_obj7_pp.pdf used on input line 729
.
(pdftex.def)             Requested size: 1910.1316pt x 2235.34583pt.

Overfull \hbox (15.00977pt too wide) in paragraph at lines 729--730
[][] 
 []

[50 <C:/Users/Derek R. Racine/Documents/GitHub/89_proj_report/looming_object/lo
om_obj7_pp.pdf>]
<looming_object/loom_obj8_pp.pdf, id=905, 1600.98125pt x 1368.11125pt>
File: looming_object/loom_obj8_pp.pdf Graphic file (type pdf)

<use looming_object/loom_obj8_pp.pdf>
Package pdftex.def Info: looming_object/loom_obj8_pp.pdf used on input line 732
.
(pdftex.def)             Requested size: 1600.97736pt x 1368.10793pt.

Overfull \hbox (15.00394pt too wide) in paragraph at lines 732--733
[][] 
 []

[51 <C:/Users/Derek R. Racine/Documents/GitHub/89_proj_report/looming_object/lo
om_obj8_pp.pdf>]
<looming_object/loom_obj9_pp.pdf, id=919, 1679.27374pt x 1729.46124pt>
File: looming_object/loom_obj9_pp.pdf Graphic file (type pdf)

<use looming_object/loom_obj9_pp.pdf>
Package pdftex.def Info: looming_object/loom_obj9_pp.pdf used on input line 735
.
(pdftex.def)             Requested size: 1679.26965pt x 1729.45703pt.

Overfull \hbox (14.99638pt too wide) in paragraph at lines 735--736
[][] 
 []

[52 <C:/Users/Derek R. Racine/Documents/GitHub/89_proj_report/looming_object/lo
om_obj9_pp.pdf>]
<looming_object/loom_obj10_pp.pdf, id=933, 1561.835pt x 1295.84125pt>
File: looming_object/loom_obj10_pp.pdf Graphic file (type pdf)

<use looming_object/loom_obj10_pp.pdf>
Package pdftex.def Info: looming_object/loom_obj10_pp.pdf used on input line 73
8.
(pdftex.def)             Requested size: 1561.8312pt x 1295.83809pt.

Overfull \hbox (14.99823pt too wide) in paragraph at lines 738--739
[][] 
 []

[53 <C:/Users/Derek R. Racine/Documents/GitHub/89_proj_report/looming_object/lo
om_obj10_pp.pdf>]
<looming_object/loom_obj11_pp.pdf, id=947, 1408.26125pt x 1657.19125pt>
File: looming_object/loom_obj11_pp.pdf Graphic file (type pdf)

<use looming_object/loom_obj11_pp.pdf>
Package pdftex.def Info: looming_object/loom_obj11_pp.pdf used on input line 74
1.
(pdftex.def)             Requested size: 1408.25781pt x 1657.18723pt.

Overfull \hbox (15.00862pt too wide) in paragraph at lines 741--742
[][] 
 []

[54 <C:/Users/Derek R. Racine/Documents/GitHub/89_proj_report/looming_object/lo
om_obj11_pp.pdf>]
<looming_object/loom_obj12_pp.pdf, id=961, 1507.6325pt x 2307.62125pt>
File: looming_object/loom_obj12_pp.pdf Graphic file (type pdf)

<use looming_object/loom_obj12_pp.pdf>
Package pdftex.def Info: looming_object/loom_obj12_pp.pdf used on input line 74
4.
(pdftex.def)             Requested size: 1507.62885pt x 2307.61563pt.
 [55 <C:/Users/Derek R. Racine/Documents/GitHub/89_proj_report/looming_object/l
oom_obj12_pp.pdf>]
<looming_object/loom_obj13_pp.pdf, id=976, 1819.79875pt x 1874.00125pt>
File: looming_object/loom_obj13_pp.pdf Graphic file (type pdf)

<use looming_object/loom_obj13_pp.pdf>
Package pdftex.def Info: looming_object/loom_obj13_pp.pdf used on input line 74
7.
(pdftex.def)             Requested size: 1819.79433pt x 1873.99669pt.

Overfull \hbox (15.00334pt too wide) in paragraph at lines 747--748
[][] 
 []

[56 <C:/Users/Derek R. Racine/Documents/GitHub/89_proj_report/looming_object/lo
om_obj13_pp.pdf>]
<looming_object/loom_obj14_pp.pdf, id=990, 1157.32375pt x 1368.11125pt>
File: looming_object/loom_obj14_pp.pdf Graphic file (type pdf)

<use looming_object/loom_obj14_pp.pdf>
Package pdftex.def Info: looming_object/loom_obj14_pp.pdf used on input line 75
0.
(pdftex.def)             Requested size: 1157.32092pt x 1368.10793pt.

Overfull \hbox (15.00624pt too wide) in paragraph at lines 750--751
[][] 
 []

[57 <C:/Users/Derek R. Racine/Documents/GitHub/89_proj_report/looming_object/lo
om_obj14_pp.pdf>]
<looming_object/loom_obj15_pp.pdf, id=1004, 1686.3pt x 2235.35126pt>
File: looming_object/loom_obj15_pp.pdf Graphic file (type pdf)

<use looming_object/loom_obj15_pp.pdf>
Package pdftex.def Info: looming_object/loom_obj15_pp.pdf used on input line 75
3.
(pdftex.def)             Requested size: 1686.2959pt x 2235.34583pt.

Overfull \hbox (13.28883pt too wide) in paragraph at lines 753--754
[][] 
 []

[58 <C:/Users/Derek R. Racine/Documents/GitHub/89_proj_report/looming_object/lo
om_obj15_pp.pdf>]
<looming_object/loom_obj16_pp.pdf, id=1018, 1892.06876pt x 717.68124pt>
File: looming_object/loom_obj16_pp.pdf Graphic file (type pdf)

<use looming_object/loom_obj16_pp.pdf>
Package pdftex.def Info: looming_object/loom_obj16_pp.pdf used on input line 75
6.
(pdftex.def)             Requested size: 1892.06416pt x 717.67949pt.

Overfull \hbox (14.99252pt too wide) in paragraph at lines 756--757
[][] 
 []

Package atveryend Info: Empty hook `BeforeClearDocument' on input line 758.
[59 <C:/Users/Derek R. Racine/Documents/GitHub/89_proj_report/looming_object/lo
om_obj16_pp.pdf>]
Package atveryend Info: Empty hook `AfterLastShipout' on input line 758.

("C:\Users\Derek R. Racine\Documents\GitHub\89_proj_report\report.aux")
Package atveryend Info: Executing hook `AtVeryEndDocument' on input line 758.
Package atveryend Info: Executing hook `AtEndAfterFileList' on input line 758.
Package rerunfilecheck Info: File `report.out' has not changed.
(rerunfilecheck)             Checksum: DBF24E709327C7ED19CD0ACF45C7957E;680.


LaTeX Warning: Label(s) may have changed. Rerun to get cross-references right.

Package atveryend Info: Empty hook `AtVeryVeryEnd' on input line 758.
 ) 
Here is how much of TeX's memory you used:
 9278 strings out of 493921
 144528 string characters out of 3144846
 262040 words of memory out of 3000000
 12323 multiletter control sequences out of 15000+200000
 8232 words of font info for 29 fonts, out of 3000000 for 9000
 841 hyphenation exceptions out of 8191
 42i,9n,75p,315b,545s stack positions out of 5000i,500n,10000p,200000b,50000s
<C:/Program Files (x86)/MiKTeX 2.9/fonts/type1/public/amsfonts/cm/cmbx12.pfb>
<C:/Program Files (x86)/MiKTeX 2.9/fonts/type1/public/amsfonts/cm/cmmi10.pfb><C
:/Program Files (x86)/MiKTeX 2.9/fonts/type1/public/amsfonts/cm/cmr10.pfb><C:/P
rogram Files (x86)/MiKTeX 2.9/fonts/type1/public/amsfonts/cm/cmr12.pfb><C:/Prog
ram Files (x86)/MiKTeX 2.9/fonts/type1/public/amsfonts/cm/cmr17.pfb><C:/Program
 Files (x86)/MiKTeX 2.9/fonts/type1/public/amsfonts/cm/cmr5.pfb><C:/Program Fil
es (x86)/MiKTeX 2.9/fonts/type1/public/amsfonts/cm/cmr8.pfb><C:/Program Files (
x86)/MiKTeX 2.9/fonts/type1/public/amsfonts/cm/cmr9.pfb><C:/Program Files (x86)
/MiKTeX 2.9/fonts/type1/public/amsfonts/cm/cmsy10.pfb><C:/Program Files (x86)/M
iKTeX 2.9/fonts/type1/public/amsfonts/cm/cmsy7.pfb><C:/Program Files (x86)/MiKT
eX 2.9/fonts/type1/public/amsfonts/cm/cmti10.pfb>
Output written on report.pdf (59 pages, 2204399 bytes).
PDF statistics:
 1091 PDF objects out of 1200 (max. 8388607)
 93 named destinations out of 1000 (max. 500000)
 407 words of extra memory for PDF output out of 10000 (max. 10000000)

